#
# A fatal error has been detected by the Java Runtime Environment:
#
#  SIGSEGV (0xb) at pc=0x0000000000000000, pid=10855, tid=139938492294912
#
# JRE version: OpenJDK Runtime Environment (7.0_55-b14) (build 1.7.0_55-b14)
# Java VM: OpenJDK 64-Bit Server VM (24.51-b03 mixed mode linux-amd64 compressed oops)
# Problematic frame:
# C  0x0000000000000000
#
# Failed to write core dump. Core dumps have been disabled. To enable core dumping, try "ulimit -c unlimited" before starting Java again
#
# If you would like to submit a bug report, please include
# instructions on how to reproduce the bug and visit:
#   http://icedtea.classpath.org/bugzilla
#

---------------  T H R E A D  ---------------

Current thread is native thread

siginfo:si_signo=SIGSEGV: si_errno=0, si_code=1 (SEGV_MAPERR), si_addr=0x0000000000000000

Registers:
RAX=0x00007f45f93b67c0, RBX=0x0000000000000400, RCX=0x00007f46383c3d40, RDX=0x00007f46383c3d40
RSP=0x00007f45f81f9d18, RBP=0x00007f46383aebd0, RSI=0x0000000000000000, RDI=0x00007f46383aebd0
R8 =0x0000000004df9c00, R9 =0x0000000000000001, R10=0x00007f46383aebf4, R11=0x0000000000000000
R12=0x00007f46383b2d60, R13=0x0000000000012000, R14=0x0000000000001000, R15=0x00007f45f81f9ec8
RIP=0x0000000000000000, EFLAGS=0x0000000000010246, CSGSFS=0x0000000000000033, ERR=0x0000000000000014
  TRAPNO=0x000000000000000e

Top of Stack: (sp=0x00007f45f81f9d18)
0x00007f45f81f9d18:   00007f45f917f4d1 00000000ffffffff
0x00007f45f81f9d28:   00007f45d8005b60 00007f45bb800000
0x00007f45f81f9d38:   00007f4641a7e7a9 0000000000000000
0x00007f45f81f9d48:   00007f45f8ac6fd2 00007f46383a9330
0x00007f45f81f9d58:   0000000000000000 0000000000000000
0x00007f45f81f9d68:   0000000000000000 00007f46383cc0a0
0x00007f45f81f9d78:   00007f46383a8320 0000000000002000
0x00007f45f81f9d88:   00007f45f8acecda 00007f46383a55c0
0x00007f45f81f9d98:   00007f45d0000fb0 0000000000000000
0x00007f45f81f9da8:   5700000000000001 0000000000002000
0x00007f45f81f9db8:   00007f45f8ad07eb 0000000000000000
0x00007f45f81f9dc8:   0000000000000000 0000000000000000
0x00007f45f81f9dd8:   0000000000000000 0000000000000000
0x00007f45f81f9de8:   0000000000002000 00007f46383a8320
0x00007f45f81f9df8:   00007f45f81f9ec8 00007f45f81f9ec0
0x00007f45f81f9e08:   00007f46383b2d60 00007f45f8ae9c80
0x00007f45f81f9e18:   00007f45f8f3abd2 00007f45def99040
0x00007f45f81f9e28:   00007f45def49040 00000400f81f9e70
0x00007f45f81f9e38:   00007f45f81f9e50 0000000000000000
0x00007f45f81f9e48:   00007f45f8f3fea2 00001fa00000037f
0x00007f45f81f9e58:   00007f45f8ab49ff 00007f46383cc0a0
0x00007f45f81f9e68:   0000000000002000 00007f46383a92b0
0x00007f45f81f9e78:   0000000000000000 00007f46383aebd0
0x00007f45f81f9e88:   0000000000000008 00007f45f81f9ec8
0x00007f45f81f9e98:   00007f45f9195544 0000000000000000
0x00007f45f81f9ea8:   00007f45f81f9ec0 0000000000002000
0x00007f45f81f9eb8:   0000000000006000 00007f45def49040
0x00007f45f81f9ec8:   0000000000002000 0000000000000000
0x00007f45f81f9ed8:   00007f46383cd900 0000000000000000
0x00007f45f81f9ee8:   0000000000000000 0000000000000000
0x00007f45f81f9ef8:   00007f45f81fa9c0 00007f45f81fa700
0x00007f45f81f9f08:   00007f45f918873a 00007f45f81fa700 

Instructions: (pc=0x0000000000000000)
0xffffffffffffffe0:   

Register to memory mapping:

RAX=0x00007f45f93b67c0: <offset 0x2577c0> in /home/yew_mentzaki/.vau/native/libopenal64.so at 0x00007f45f915f000
RBX=0x0000000000000400 is an unknown value
RCX=0x00007f46383c3d40 is an unknown value
RDX=0x00007f46383c3d40 is an unknown value
RSP=0x00007f45f81f9d18 is an unknown value
RBP=0x00007f46383aebd0 is an unknown value
RSI=0x0000000000000000 is an unknown value
RDI=0x00007f46383aebd0 is an unknown value
R8 =0x0000000004df9c00 is an unknown value
R9 =0x0000000000000001 is an unknown value
R10=0x00007f46383aebf4 is an unknown value
R11=0x0000000000000000 is an unknown value
R12=0x00007f46383b2d60 is an unknown value
R13=0x0000000000012000 is an unknown value
R14=0x0000000000001000 is an unknown value
R15=0x00007f45f81f9ec8 is an unknown value


Stack: [0x00007f45f80fa000,0x00007f45f81fb000],  sp=0x00007f45f81f9d18,  free space=1023k

---------------  P R O C E S S  ---------------

VM state:at safepoint (shutting down)

VM Mutex/Monitor currently owned by a thread:  ([mutex/lock_event])
[0x00007f4638006eb0] Threads_lock - owner thread: 0x00007f4638076000

Heap
 PSYoungGen      total 29184K, used 19470K [0x00000000ebf00000, 0x00000000f6780000, 0x0000000100000000)
  eden space 28672K, 67% used [0x00000000ebf00000,0x00000000ed1ebb30,0x00000000edb00000)
  from space 512K, 18% used [0x00000000f6700000,0x00000000f6718000,0x00000000f6780000)
  to   space 512K, 0% used [0x00000000f6680000,0x00000000f6680000,0x00000000f6700000)
 ParOldGen       total 46592K, used 26220K [0x00000000c3e00000, 0x00000000c6b80000, 0x00000000ebf00000)
  object space 46592K, 56% used [0x00000000c3e00000,0x00000000c579b0b8,0x00000000c6b80000)
 PSPermGen       total 28160K, used 14953K [0x00000000b9800000, 0x00000000bb380000, 0x00000000c3e00000)
  object space 28160K, 53% used [0x00000000b9800000,0x00000000ba69a450,0x00000000bb380000)

Card table byte_map: [0x00007f463eab4000,0x00007f463ece9000] byte_map_base: 0x00007f463e4e8000

Polling page: 0x00007f4642185000

Code Cache  [0x00007f4635000000, 0x00007f46352b0000, 0x00007f4638000000)
 total_blobs=1121 nmethods=552 adapters=523 free_code_cache=46623Kb largest_free_block=47546816

Compilation events (10 events):
Event: 707,303 Thread 0x00007f46380a5000  571             org.newdawn.slick.opengl.TextureImpl::getImageWidth (5 bytes)
Event: 707,303 Thread 0x00007f46380a2000  572             org.newdawn.slick.opengl.TextureImpl::getImageHeight (5 bytes)
Event: 707,304 Thread 0x00007f46380a5000 nmethod 571 0x00007f46351fc1d0 code [0x00007f46351fc300, 0x00007f46351fc358]
Event: 707,304 Thread 0x00007f46380a2000 nmethod 572 0x00007f46351d7750 code [0x00007f46351d7880, 0x00007f46351d78d8]
Event: 731,347 Thread 0x00007f46380a5000  573 % !         sun.awt.X11.XToolkit::run @ 59 (410 bytes)
Event: 731,520 Thread 0x00007f46380a5000 nmethod 573% 0x00007f4635202850 code [0x00007f4635203060, 0x00007f4635205a50]
Event: 823,710 Thread 0x00007f46380a2000  574             vgame.VConvert::dist (25 bytes)
Event: 823,711 Thread 0x00007f46380a2000 nmethod 574 0x00007f46351a2510 code [0x00007f46351a2680, 0x00007f46351a29b8]
Event: 858,347 Thread 0x00007f46380a2000  575 % !         vengine.VGraphics$1::run @ 192 (298 bytes)
Event: 858,399 Thread 0x00007f46380a2000 nmethod 575% 0x00007f46351e5850 code [0x00007f46351e5b60, 0x00007f46351e6c68]

GC Heap History (10 events):
Event: 1080,612 GC heap before
{Heap before GC invocations=1631 (full 1):
 PSYoungGen      total 31744K, used 31328K [0x00000000ebf00000, 0x00000000f6780000, 0x0000000100000000)
  eden space 31232K, 100% used [0x00000000ebf00000,0x00000000edd80000,0x00000000edd80000)
  from space 512K, 18% used [0x00000000f6680000,0x00000000f6698000,0x00000000f6700000)
  to   space 512K, 0% used [0x00000000f6700000,0x00000000f6700000,0x00000000f6780000)
 ParOldGen       total 46592K, used 26180K [0x00000000c3e00000, 0x00000000c6b80000, 0x00000000ebf00000)
  object space 46592K, 56% used [0x00000000c3e00000,0x00000000c57910b8,0x00000000c6b80000)
 PSPermGen       total 28160K, used 14929K [0x00000000b9800000, 0x00000000bb380000, 0x00000000c3e00000)
  object space 28160K, 53% used [0x00000000b9800000,0x00000000ba694590,0x00000000bb380000)
Event: 1080,615 GC heap after
Heap after GC invocations=1631 (full 1):
 PSYoungGen      total 31232K, used 96K [0x00000000ebf00000, 0x00000000f6780000, 0x0000000100000000)
  eden space 30720K, 0% used [0x00000000ebf00000,0x00000000ebf00000,0x00000000edd00000)
  from space 512K, 18% used [0x00000000f6700000,0x00000000f6718000,0x00000000f6780000)
  to   space 512K, 0% used [0x00000000f6680000,0x00000000f6680000,0x00000000f6700000)
 ParOldGen       total 46592K, used 26188K [0x00000000c3e00000, 0x00000000c6b80000, 0x00000000ebf00000)
  object space 46592K, 56% used [0x00000000c3e00000,0x00000000c57930b8,0x00000000c6b80000)
 PSPermGen       total 28160K, used 14929K [0x00000000b9800000, 0x00000000bb380000, 0x00000000c3e00000)
  object space 28160K, 53% used [0x00000000b9800000,0x00000000ba694590,0x00000000bb380000)
}
Event: 1081,081 GC heap before
{Heap before GC invocations=1632 (full 1):
 PSYoungGen      total 31232K, used 30816K [0x00000000ebf00000, 0x00000000f6780000, 0x0000000100000000)
  eden space 30720K, 100% used [0x00000000ebf00000,0x00000000edd00000,0x00000000edd00000)
  from space 512K, 18% used [0x00000000f6700000,0x00000000f6718000,0x00000000f6780000)
  to   space 512K, 0% used [0x00000000f6680000,0x00000000f6680000,0x00000000f6700000)
 ParOldGen       total 46592K, used 26188K [0x00000000c3e00000, 0x00000000c6b80000, 0x00000000ebf00000)
  object space 46592K, 56% used [0x00000000c3e00000,0x00000000c57930b8,0x00000000c6b80000)
 PSPermGen       total 28160K, used 14929K [0x00000000b9800000, 0x00000000bb380000, 0x00000000c3e00000)
  object space 28160K, 53% used [0x00000000b9800000,0x00000000ba694590,0x00000000bb380000)
Event: 1081,085 GC heap after
Heap after GC invocations=1632 (full 1):
 PSYoungGen      total 30720K, used 64K [0x00000000ebf00000, 0x00000000f6780000, 0x0000000100000000)
  eden space 30208K, 0% used [0x00000000ebf00000,0x00000000ebf00000,0x00000000edc80000)
  from space 512K, 12% used [0x00000000f6680000,0x00000000f6690000,0x00000000f6700000)
  to   space 512K, 0% used [0x00000000f6700000,0x00000000f6700000,0x00000000f6780000)
 ParOldGen       total 46592K, used 26196K [0x00000000c3e00000, 0x00000000c6b80000, 0x00000000ebf00000)
  object space 46592K, 56% used [0x00000000c3e00000,0x00000000c57950b8,0x00000000c6b80000)
 PSPermGen       total 28160K, used 14929K [0x00000000b9800000, 0x00000000bb380000, 0x00000000c3e00000)
  object space 28160K, 53% used [0x00000000b9800000,0x00000000ba694590,0x00000000bb380000)
}
Event: 1081,541 GC heap before
{Heap before GC invocations=1633 (full 1):
 PSYoungGen      total 30720K, used 30272K [0x00000000ebf00000, 0x00000000f6780000, 0x0000000100000000)
  eden space 30208K, 100% used [0x00000000ebf00000,0x00000000edc80000,0x00000000edc80000)
  from space 512K, 12% used [0x00000000f6680000,0x00000000f6690000,0x00000000f6700000)
  to   space 512K, 0% used [0x00000000f6700000,0x00000000f6700000,0x00000000f6780000)
 ParOldGen       total 46592K, used 26196K [0x00000000c3e00000, 0x00000000c6b80000, 0x00000000ebf00000)
  object space 46592K, 56% used [0x00000000c3e00000,0x00000000c57950b8,0x00000000c6b80000)
 PSPermGen       total 28160K, used 14929K [0x00000000b9800000, 0x00000000bb380000, 0x00000000c3e00000)
  object space 28160K, 53% used [0x00000000b9800000,0x00000000ba694590,0x00000000bb380000)
Event: 1081,545 GC heap after
Heap after GC invocations=1633 (full 1):
 PSYoungGen      total 30208K, used 96K [0x00000000ebf00000, 0x00000000f6780000, 0x0000000100000000)
  eden space 29696K, 0% used [0x00000000ebf00000,0x00000000ebf00000,0x00000000edc00000)
  from space 512K, 18% used [0x00000000f6700000,0x00000000f6718000,0x00000000f6780000)
  to   space 512K, 0% used [0x00000000f6680000,0x00000000f6680000,0x00000000f6700000)
 ParOldGen       total 46592K, used 26204K [0x00000000c3e00000, 0x00000000c6b80000, 0x00000000ebf00000)
  object space 46592K, 56% used [0x00000000c3e00000,0x00000000c57970b8,0x00000000c6b80000)
 PSPermGen       total 28160K, used 14929K [0x00000000b9800000, 0x00000000bb380000, 0x00000000c3e00000)
  object space 28160K, 53% used [0x00000000b9800000,0x00000000ba694590,0x00000000bb380000)
}
Event: 1081,986 GC heap before
{Heap before GC invocations=1634 (full 1):
 PSYoungGen      total 30208K, used 29792K [0x00000000ebf00000, 0x00000000f6780000, 0x0000000100000000)
  eden space 29696K, 100% used [0x00000000ebf00000,0x00000000edc00000,0x00000000edc00000)
  from space 512K, 18% used [0x00000000f6700000,0x00000000f6718000,0x00000000f6780000)
  to   space 512K, 0% used [0x00000000f6680000,0x00000000f6680000,0x00000000f6700000)
 ParOldGen       total 46592K, used 26204K [0x00000000c3e00000, 0x00000000c6b80000, 0x00000000ebf00000)
  object space 46592K, 56% used [0x00000000c3e00000,0x00000000c57970b8,0x00000000c6b80000)
 PSPermGen       total 28160K, used 14929K [0x00000000b9800000, 0x00000000bb380000, 0x00000000c3e00000)
  object space 28160K, 53% used [0x00000000b9800000,0x00000000ba694590,0x00000000bb380000)
Event: 1081,990 GC heap after
Heap after GC invocations=1634 (full 1):
 PSYoungGen      total 29696K, used 96K [0x00000000ebf00000, 0x00000000f6780000, 0x0000000100000000)
  eden space 29184K, 0% used [0x00000000ebf00000,0x00000000ebf00000,0x00000000edb80000)
  from space 512K, 18% used [0x00000000f6680000,0x00000000f6698000,0x00000000f6700000)
  to   space 512K, 0% used [0x00000000f6700000,0x00000000f6700000,0x00000000f6780000)
 ParOldGen       total 46592K, used 26212K [0x00000000c3e00000, 0x00000000c6b80000, 0x00000000ebf00000)
  object space 46592K, 56% used [0x00000000c3e00000,0x00000000c57990b8,0x00000000c6b80000)
 PSPermGen       total 28160K, used 14929K [0x00000000b9800000, 0x00000000bb380000, 0x00000000c3e00000)
  object space 28160K, 53% used [0x00000000b9800000,0x00000000ba694590,0x00000000bb380000)
}
Event: 1082,439 GC heap before
{Heap before GC invocations=1635 (full 1):
 PSYoungGen      total 29696K, used 29280K [0x00000000ebf00000, 0x00000000f6780000, 0x0000000100000000)
  eden space 29184K, 100% used [0x00000000ebf00000,0x00000000edb80000,0x00000000edb80000)
  from space 512K, 18% used [0x00000000f6680000,0x00000000f6698000,0x00000000f6700000)
  to   space 512K, 0% used [0x00000000f6700000,0x00000000f6700000,0x00000000f6780000)
 ParOldGen       total 46592K, used 26212K [0x00000000c3e00000, 0x00000000c6b80000, 0x00000000ebf00000)
  object space 46592K, 56% used [0x00000000c3e00000,0x00000000c57990b8,0x00000000c6b80000)
 PSPermGen       total 28160K, used 14929K [0x00000000b9800000, 0x00000000bb380000, 0x00000000c3e00000)
  object space 28160K, 53% used [0x00000000b9800000,0x00000000ba694590,0x00000000bb380000)
Event: 1082,442 GC heap after
Heap after GC invocations=1635 (full 1):
 PSYoungGen      total 29184K, used 96K [0x00000000ebf00000, 0x00000000f6780000, 0x0000000100000000)
  eden space 28672K, 0% used [0x00000000ebf00000,0x00000000ebf00000,0x00000000edb00000)
  from space 512K, 18% used [0x00000000f6700000,0x00000000f6718000,0x00000000f6780000)
  to   space 512K, 0% used [0x00000000f6680000,0x00000000f6680000,0x00000000f6700000)
 ParOldGen       total 46592K, used 26220K [0x00000000c3e00000, 0x00000000c6b80000, 0x00000000ebf00000)
  object space 46592K, 56% used [0x00000000c3e00000,0x00000000c579b0b8,0x00000000c6b80000)
 PSPermGen       total 28160K, used 14929K [0x00000000b9800000, 0x00000000bb380000, 0x00000000c3e00000)
  object space 28160K, 53% used [0x00000000b9800000,0x00000000ba694590,0x00000000bb380000)
}

Deoptimization events (10 events):
Event: 146,625 Thread 0x00007f46382bd800 Uncommon trap: reason=class_check action=maybe_recompile pc=0x00007f46351c45e4 method=vgame.VGame.getObjectsForRender([Ljava/lang/String;)[Lvgame/VObject; @ 71
Event: 146,626 Thread 0x00007f46382bd800 Uncommon trap: reason=class_check action=maybe_recompile pc=0x00007f4635202c14 method=vgame.VGame.renderObjects(Lvengine/VGraphics;)V @ 505
Event: 155,206 Thread 0x00007f46382bd800 Uncommon trap: reason=unreached action=reinterpret pc=0x00007f4635242f38 method=vgame.VGame.renderObjects(Lvengine/VGraphics;)V @ 1102
Event: 422,690 Thread 0x00007f46382bd800 Uncommon trap: reason=unloaded action=reinterpret pc=0x00007f4635214ee8 method=java.util.ArrayList$Itr.checkForComodification()V @ 14
Event: 678,617 Thread 0x00007f46382bd800 Uncommon trap: reason=unreached action=reinterpret pc=0x00007f4635257b50 method=vgame.VGame.renderObjects(Lvengine/VGraphics;)V @ 664
Event: 678,788 Thread 0x00007f46382bd800 Uncommon trap: reason=unreached action=reinterpret pc=0x00007f463521add8 method=vgame.VGame.renderObjects(Lvengine/VGraphics;)V @ 1186
Event: 683,239 Thread 0x00007f46382bd800 Uncommon trap: reason=class_check action=maybe_recompile pc=0x00007f4635188f30 method=java.io.BufferedInputStream.read([BII)I @ 101
Event: 1082,646 Thread 0x00007f45f076b000 Uncommon trap: reason=class_check action=maybe_recompile pc=0x00007f463512b918 method=java.util.concurrent.locks.AbstractQueuedSynchronizer.release(I)Z @ 2
Event: 1082,720 Thread 0x00007f45f076b000 Uncommon trap: reason=class_check action=maybe_recompile pc=0x00007f463512b918 method=java.util.concurrent.locks.AbstractQueuedSynchronizer.release(I)Z @ 2
Event: 1082,727 Thread 0x00007f45f086f000 Uncommon trap: reason=class_check action=maybe_recompile pc=0x00007f46351175e8 method=java.util.AbstractCollection.toArray([Ljava/lang/Object;)[Ljava/lang/Object; @ 1

Internal exceptions (10 events):
Event: 1082,106 Thread 0x00007f46382bd800 Threw 0x00000000ec631908 at /build/buildd/openjdk-7-7u55-2.4.7/build/openjdk/hotspot/src/share/vm/prims/jni.cpp:717
Event: 1082,174 Thread 0x00007f46382bd800 Threw 0x00000000ecb036f8 at /build/buildd/openjdk-7-7u55-2.4.7/build/openjdk/hotspot/src/share/vm/prims/jni.cpp:717
Event: 1082,233 Thread 0x00007f46382bd800 Threw 0x00000000ecdfff28 at /build/buildd/openjdk-7-7u55-2.4.7/build/openjdk/hotspot/src/share/vm/prims/jni.cpp:717
Event: 1082,310 Thread 0x00007f46382bd800 Threw 0x00000000ed32eb28 at /build/buildd/openjdk-7-7u55-2.4.7/build/openjdk/hotspot/src/share/vm/prims/jni.cpp:717
Event: 1082,372 Thread 0x00007f46382bd800 Threw 0x00000000ed7a5cf8 at /build/buildd/openjdk-7-7u55-2.4.7/build/openjdk/hotspot/src/share/vm/prims/jni.cpp:717
Event: 1082,435 Thread 0x00007f46382bd800 Threw 0x00000000edaa8578 at /build/buildd/openjdk-7-7u55-2.4.7/build/openjdk/hotspot/src/share/vm/prims/jni.cpp:717
Event: 1082,502 Thread 0x00007f46382bd800 Threw 0x00000000ec334698 at /build/buildd/openjdk-7-7u55-2.4.7/build/openjdk/hotspot/src/share/vm/prims/jni.cpp:717
Event: 1082,573 Thread 0x00007f46382bd800 Threw 0x00000000ec7f9c20 at /build/buildd/openjdk-7-7u55-2.4.7/build/openjdk/hotspot/src/share/vm/prims/jni.cpp:717
Event: 1082,604 Thread 0x00007f46382bd800 Threw 0x00000000ec92e4d0 at /build/buildd/openjdk-7-7u55-2.4.7/build/openjdk/hotspot/src/share/vm/prims/jvm.cpp:1244
Event: 1082,644 Thread 0x00007f46382bd800 Threw 0x00000000ec932140 at /build/buildd/openjdk-7-7u55-2.4.7/build/openjdk/hotspot/src/share/vm/prims/jvm.cpp:1244

Events (10 events):
Event: 1082,727 loading class 0x00007f463c19c3f0
Event: 1082,760 loading class 0x00007f46042c80d0
Event: 1082,788 loading class 0x00007f46042c80d0 done
Event: 1082,788 loading class 0x00007f4610055b00 done
Event: 1082,789 loading class 0x00007f463c19c450
Event: 1082,789 loading class 0x00007f463c19c450 done
Event: 1082,789 loading class 0x00007f463c19c3f0 done
Event: 1082,789 Thread 0x00007f45f086f000 Thread exited: 0x00007f45f086f000
Event: 1082,790 Thread 0x00007f45f0ff0000 Thread exited: 0x00007f45f0ff0000
Event: 1082,790 Executing VM operation: Exit


Dynamic libraries:
00400000-00401000 r-xp 00000000 08:01 25303395                           /usr/lib/jvm/java-7-openjdk-amd64/jre/bin/java
00600000-00601000 r--p 00000000 08:01 25303395                           /usr/lib/jvm/java-7-openjdk-amd64/jre/bin/java
00601000-00602000 rw-p 00001000 08:01 25303395                           /usr/lib/jvm/java-7-openjdk-amd64/jre/bin/java
0164f000-01670000 rw-p 00000000 00:00 0                                  [heap]
b9800000-bb380000 rw-p 00000000 00:00 0 
bb380000-c3e00000 rw-p 00000000 00:00 0 
c3e00000-c6b80000 rw-p 00000000 00:00 0 
c6b80000-ce980000 ---p 00000000 00:00 0 
ce980000-ebf00000 rw-p 00000000 00:00 0 
ebf00000-f6780000 rw-p 00000000 00:00 0 
f6780000-faf80000 ---p 00000000 00:00 0 
faf80000-100000000 rw-p 00000000 00:00 0 
7f45b4000000-7f45b4021000 rw-p 00000000 00:00 0 
7f45b4021000-7f45b8000000 ---p 00000000 00:00 0 
7f45bc000000-7f45bc021000 rw-p 00000000 00:00 0 
7f45bc021000-7f45c0000000 ---p 00000000 00:00 0 
7f45c15b4000-7f45c15c4000 rw-s 11240a000 00:05 1224                      /dev/dri/card0
7f45c15c4000-7f45c15d4000 rw-s 1123fa000 00:05 1224                      /dev/dri/card0
7f45c15d4000-7f45c15e4000 rw-s 123bfd000 00:05 1224                      /dev/dri/card0
7f45c15e4000-7f45c15f4000 rw-s 1128e5000 00:05 1224                      /dev/dri/card0
7f45c15f4000-7f45c15f7000 ---p 00000000 00:00 0 
7f45c15f7000-7f45c16f5000 rw-p 00000000 00:00 0 
7f45c16f5000-7f45c1705000 rw-s 11156f000 00:05 1224                      /dev/dri/card0
7f45c1705000-7f45c1715000 rw-s 11155f000 00:05 1224                      /dev/dri/card0
7f45c1715000-7f45c1725000 rw-s 11154f000 00:05 1224                      /dev/dri/card0
7f45c1725000-7f45c1735000 rw-s 11153f000 00:05 1224                      /dev/dri/card0
7f45c1735000-7f45c1745000 rw-s 11152f000 00:05 1224                      /dev/dri/card0
7f45c1745000-7f45c1755000 rw-s 11151f000 00:05 1224                      /dev/dri/card0
7f45c1755000-7f45c1765000 rw-s 11150f000 00:05 1224                      /dev/dri/card0
7f45c1765000-7f45c1775000 rw-s 1114ff000 00:05 1224                      /dev/dri/card0
7f45c1775000-7f45c1785000 rw-s 1114ef000 00:05 1224                      /dev/dri/card0
7f45c1785000-7f45c1795000 rw-s 1114df000 00:05 1224                      /dev/dri/card0
7f45c1795000-7f45c17a5000 rw-s 1114cf000 00:05 1224                      /dev/dri/card0
7f45c17a5000-7f45c17b5000 rw-s 1114bf000 00:05 1224                      /dev/dri/card0
7f45c17b5000-7f45c17c5000 rw-s 10291d000 00:05 1224                      /dev/dri/card0
7f45c17c5000-7f45c17d5000 rw-s 123533000 00:05 1224                      /dev/dri/card0
7f45c17d5000-7f45c17e5000 rw-s 123523000 00:05 1224                      /dev/dri/card0
7f45c17e5000-7f45c17f5000 rw-s 123513000 00:05 1224                      /dev/dri/card0
7f45c17f5000-7f45c1805000 rw-s 123503000 00:05 1224                      /dev/dri/card0
7f45c1805000-7f45c1815000 rw-s 123223000 00:05 1224                      /dev/dri/card0
7f45c1815000-7f45c1825000 rw-s 123213000 00:05 1224                      /dev/dri/card0
7f45c1825000-7f45c1835000 rw-s 123203000 00:05 1224                      /dev/dri/card0
7f45c1835000-7f45c1845000 rw-s 1231f3000 00:05 1224                      /dev/dri/card0
7f45c1845000-7f45c1855000 rw-s 124dcb000 00:05 1224                      /dev/dri/card0
7f45c1855000-7f45c1865000 rw-s 124dbb000 00:05 1224                      /dev/dri/card0
7f45c1865000-7f45c1875000 rw-s 124dab000 00:05 1224                      /dev/dri/card0
7f45c1875000-7f45c1885000 rw-s 124d9b000 00:05 1224                      /dev/dri/card0
7f45c1885000-7f45c1895000 rw-s 124d8b000 00:05 1224                      /dev/dri/card0
7f45c1895000-7f45c18a5000 rw-s 124d7b000 00:05 1224                      /dev/dri/card0
7f45c18a5000-7f45c18b5000 rw-s 124d6b000 00:05 1224                      /dev/dri/card0
7f45c18b5000-7f45c18c5000 rw-s 124d5b000 00:05 1224                      /dev/dri/card0
7f45c18c5000-7f45c18d5000 rw-s 124d4b000 00:05 1224                      /dev/dri/card0
7f45c18d5000-7f45c18d9000 rw-s 102765000 00:05 1224                      /dev/dri/card0
7f45c18d9000-7f45c18dd000 rw-s 102761000 00:05 1224                      /dev/dri/card0
7f45c18dd000-7f45c18e1000 rw-s 10275d000 00:05 1224                      /dev/dri/card0
7f45c18e1000-7f45c18e5000 rw-s 102759000 00:05 1224                      /dev/dri/card0
7f45c18e5000-7f45c18e9000 rw-s 102755000 00:05 1224                      /dev/dri/card0
7f45c18e9000-7f45c18ed000 rw-s 102751000 00:05 1224                      /dev/dri/card0
7f45c18ed000-7f45c18fd000 rw-s 102741000 00:05 1224                      /dev/dri/card0
7f45c18fd000-7f45c190d000 rw-s 102731000 00:05 1224                      /dev/dri/card0
7f45c190d000-7f45c191d000 rw-s 102721000 00:05 1224                      /dev/dri/card0
7f45c191d000-7f45c192d000 rw-s 102711000 00:05 1224                      /dev/dri/card0
7f45c192d000-7f45c193d000 rw-s 102701000 00:05 1224                      /dev/dri/card0
7f45c193d000-7f45c194d000 rw-s 1026f1000 00:05 1224                      /dev/dri/card0
7f45c194d000-7f45c195d000 rw-s 1026e1000 00:05 1224                      /dev/dri/card0
7f45c195d000-7f45c196d000 rw-s 1026d1000 00:05 1224                      /dev/dri/card0
7f45c196d000-7f45c197d000 rw-s 1026c1000 00:05 1224                      /dev/dri/card0
7f45c197d000-7f45c198d000 rw-s 1026b1000 00:05 1224                      /dev/dri/card0
7f45c198d000-7f45c199d000 rw-s 1026a1000 00:05 1224                      /dev/dri/card0
7f45c199d000-7f45c19ad000 rw-s 102691000 00:05 1224                      /dev/dri/card0
7f45c19ad000-7f45c19bd000 rw-s 1234a3000 00:05 1224                      /dev/dri/card0
7f45c19bd000-7f45c19cd000 rw-s 123493000 00:05 1224                      /dev/dri/card0
7f45c19cd000-7f45c19dd000 rw-s 123483000 00:05 1224                      /dev/dri/card0
7f45c19dd000-7f45c19ed000 rw-s 11101b000 00:05 1224                      /dev/dri/card0
7f45c19ed000-7f45c19fd000 rw-s 11100b000 00:05 1224                      /dev/dri/card0
7f45c19fd000-7f45c1a0d000 rw-s 110ffb000 00:05 1224                      /dev/dri/card0
7f45c1a0d000-7f45c1a1d000 rw-s 110feb000 00:05 1224                      /dev/dri/card0
7f45c1a1d000-7f45c1a2d000 rw-s 110fdb000 00:05 1224                      /dev/dri/card0
7f45c1a2d000-7f45c1a3d000 rw-s 110fcb000 00:05 1224                      /dev/dri/card0
7f45c1a3d000-7f45c1a4d000 rw-s 110fbb000 00:05 1224                      /dev/dri/card0
7f45c1a4d000-7f45c1a5d000 rw-s 110fab000 00:05 1224                      /dev/dri/card0
7f45c1a5d000-7f45c1a6d000 rw-s 110f9b000 00:05 1224                      /dev/dri/card0
7f45c1a6d000-7f45c1a7d000 rw-s 110f8b000 00:05 1224                      /dev/dri/card0
7f45c1a7d000-7f45c1a8d000 rw-s 110f7b000 00:05 1224                      /dev/dri/card0
7f45c1a8d000-7f45c1a9d000 rw-s 110f6b000 00:05 1224                      /dev/dri/card0
7f45c1a9d000-7f45c1aad000 rw-s 110f5b000 00:05 1224                      /dev/dri/card0
7f45c1aad000-7f45c1abd000 rw-s 110f4b000 00:05 1224                      /dev/dri/card0
7f45c1abd000-7f45c1acd000 rw-s 110f3b000 00:05 1224                      /dev/dri/card0
7f45c1acd000-7f45c1add000 rw-s 110f2b000 00:05 1224                      /dev/dri/card0
7f45c1add000-7f45c1aed000 rw-s 110f1b000 00:05 1224                      /dev/dri/card0
7f45c1aed000-7f45c1afd000 rw-s 110f0b000 00:05 1224                      /dev/dri/card0
7f45c1afd000-7f45c1b0d000 rw-s 110efb000 00:05 1224                      /dev/dri/card0
7f45c1b0d000-7f45c1b1d000 rw-s 110eeb000 00:05 1224                      /dev/dri/card0
7f45c1b1d000-7f45c1b2d000 rw-s 110edb000 00:05 1224                      /dev/dri/card0
7f45c1b2d000-7f45c1b3d000 rw-s 110ecb000 00:05 1224                      /dev/dri/card0
7f45c1b3d000-7f45c1b4d000 rw-s 110ebb000 00:05 1224                      /dev/dri/card0
7f45c1b4d000-7f45c1b5d000 rw-s 110eab000 00:05 1224                      /dev/dri/card0
7f45c1b5d000-7f45c1b6d000 rw-s 110e9b000 00:05 1224                      /dev/dri/card0
7f45c1b6d000-7f45c1b7d000 rw-s 110e8b000 00:05 1224                      /dev/dri/card0
7f45c1b7d000-7f45c1b8d000 rw-s 11f9bb000 00:05 1224                      /dev/dri/card0
7f45c1b8d000-7f45c1b9d000 rw-s 11f9ab000 00:05 1224                      /dev/dri/card0
7f45c1b9d000-7f45c1bad000 rw-s 11f99b000 00:05 1224                      /dev/dri/card0
7f45c1bad000-7f45c1bbd000 rw-s 11f98b000 00:05 1224                      /dev/dri/card0
7f45c1bbd000-7f45c1bcd000 rw-s 110e7b000 00:05 1224                      /dev/dri/card0
7f45c1bcd000-7f45c1bdd000 rw-s 110e6b000 00:05 1224                      /dev/dri/card0
7f45c1bdd000-7f45c1bed000 rw-s 110e5b000 00:05 1224                      /dev/dri/card0
7f45c1bed000-7f45c1bfd000 rw-s 110e4b000 00:05 1224                      /dev/dri/card0
7f45c1bfd000-7f45c1c0d000 rw-s 110e3b000 00:05 1224                      /dev/dri/card0
7f45c1c0d000-7f45c1c1d000 rw-s 110e2b000 00:05 1224                      /dev/dri/card0
7f45c1c1d000-7f45c1c2d000 rw-s 110e1b000 00:05 1224                      /dev/dri/card0
7f45c1c2d000-7f45c1c3d000 rw-s 110e0b000 00:05 1224                      /dev/dri/card0
7f45c1c3d000-7f45c1c4d000 rw-s 110dfb000 00:05 1224                      /dev/dri/card0
7f45c1c4d000-7f45c1c5d000 rw-s 102681000 00:05 1224                      /dev/dri/card0
7f45c1c5d000-7f45c1c6d000 rw-s 102671000 00:05 1224                      /dev/dri/card0
7f45c1c6d000-7f45c1c7d000 rw-s 102661000 00:05 1224                      /dev/dri/card0
7f45c1c7d000-7f45c1c8d000 rw-s 102651000 00:05 1224                      /dev/dri/card0
7f45c1c8d000-7f45c1c9d000 rw-s 102641000 00:05 1224                      /dev/dri/card0
7f45c1c9d000-7f45c1cad000 rw-s 102631000 00:05 1224                      /dev/dri/card0
7f45c1cad000-7f45c1cbd000 rw-s 102621000 00:05 1224                      /dev/dri/card0
7f45c1cbd000-7f45c1ccd000 rw-s 102611000 00:05 1224                      /dev/dri/card0
7f45c1ccd000-7f45c1cdd000 rw-s 102601000 00:05 1224                      /dev/dri/card0
7f45c1cdd000-7f45c1ced000 rw-s 1025f1000 00:05 1224                      /dev/dri/card0
7f45c1ced000-7f45c1cfd000 rw-s 1025e1000 00:05 1224                      /dev/dri/card0
7f45c1cfd000-7f45c1d0d000 rw-s 1025d1000 00:05 1224                      /dev/dri/card0
7f45c1d0d000-7f45c1d1d000 rw-s 1025c1000 00:05 1224                      /dev/dri/card0
7f45c1d1d000-7f45c1d2d000 rw-s 1025b1000 00:05 1224                      /dev/dri/card0
7f45c1d2d000-7f45c1d3d000 rw-s 1025a1000 00:05 1224                      /dev/dri/card0
7f45c1d3d000-7f45c1d4d000 rw-s 102591000 00:05 1224                      /dev/dri/card0
7f45c1d4d000-7f45c1d5d000 rw-s 102581000 00:05 1224                      /dev/dri/card0
7f45c1d5d000-7f45c1d6d000 rw-s 102571000 00:05 1224                      /dev/dri/card0
7f45c1d6d000-7f45c1d7d000 rw-s 102561000 00:05 1224                      /dev/dri/card0
7f45c1d7d000-7f45c1d8d000 rw-s 102551000 00:05 1224                      /dev/dri/card0
7f45c1d8d000-7f45c1d9d000 rw-s 102541000 00:05 1224                      /dev/dri/card0
7f45c1d9d000-7f45c1dad000 rw-s 102531000 00:05 1224                      /dev/dri/card0
7f45c1dad000-7f45c1dbd000 rw-s 102521000 00:05 1224                      /dev/dri/card0
7f45c1dbd000-7f45c1dcd000 rw-s 102511000 00:05 1224                      /dev/dri/card0
7f45c1dcd000-7f45c1ddd000 rw-s 102501000 00:05 1224                      /dev/dri/card0
7f45c1ddd000-7f45c1ded000 rw-s 1024f1000 00:05 1224                      /dev/dri/card0
7f45c1ded000-7f45c1dfd000 rw-s 1024e1000 00:05 1224                      /dev/dri/card0
7f45c1dfd000-7f45c1e0d000 rw-s 1024d1000 00:05 1224                      /dev/dri/card0
7f45c1e0d000-7f45c1e1d000 rw-s 1024c1000 00:05 1224                      /dev/dri/card0
7f45c1e1d000-7f45c1e2d000 rw-s 1024b1000 00:05 1224                      /dev/dri/card0
7f45c1e2d000-7f45c1e3d000 rw-s 1024a1000 00:05 1224                      /dev/dri/card0
7f45c1e3d000-7f45c1e4d000 rw-s 102491000 00:05 1224                      /dev/dri/card0
7f45c1e4d000-7f45c1e5d000 rw-s 102481000 00:05 1224                      /dev/dri/card0
7f45c1e5d000-7f45c1e6d000 rw-s 102471000 00:05 1224                      /dev/dri/card0
7f45c1e6d000-7f45c1e7d000 rw-s 102461000 00:05 1224                      /dev/dri/card0
7f45c1e7d000-7f45c1e8d000 rw-s 102451000 00:05 1224                      /dev/dri/card0
7f45c1e8d000-7f45c1e9d000 rw-s 102441000 00:05 1224                      /dev/dri/card0
7f45c1e9d000-7f45c1ead000 rw-s 1237c1000 00:05 1224                      /dev/dri/card0
7f45c1ead000-7f45c1ebd000 rw-s 1237b1000 00:05 1224                      /dev/dri/card0
7f45c1ebd000-7f45c1ecd000 rw-s 1237a1000 00:05 1224                      /dev/dri/card0
7f45c1ecd000-7f45c1edd000 rw-s 123791000 00:05 1224                      /dev/dri/card0
7f45c1edd000-7f45c1eed000 rw-s 123781000 00:05 1224                      /dev/dri/card0
7f45c1eed000-7f45c1efd000 rw-s 123771000 00:05 1224                      /dev/dri/card0
7f45c1efd000-7f45c1f0d000 rw-s 123761000 00:05 1224                      /dev/dri/card0
7f45c1f0d000-7f45c1f1d000 rw-s 123751000 00:05 1224                      /dev/dri/card0
7f45c1f1d000-7f45c1f2d000 rw-s 123741000 00:05 1224                      /dev/dri/card0
7f45c1f2d000-7f45c1f3d000 rw-s 123731000 00:05 1224                      /dev/dri/card0
7f45c1f3d000-7f45c1f4d000 rw-s 123721000 00:05 1224                      /dev/dri/card0
7f45c1f4d000-7f45c1f5d000 rw-s 123711000 00:05 1224                      /dev/dri/card0
7f45c1f5d000-7f45c1f6d000 rw-s 123701000 00:05 1224                      /dev/dri/card0
7f45c1f6d000-7f45c1f7d000 rw-s 1236f1000 00:05 1224                      /dev/dri/card0
7f45c1f7d000-7f45c1f8d000 rw-s 1236e1000 00:05 1224                      /dev/dri/card0
7f45c1f8d000-7f45c1f9d000 rw-s 1236d1000 00:05 1224                      /dev/dri/card0
7f45c1f9d000-7f45c1fad000 rw-s 1236c1000 00:05 1224                      /dev/dri/card0
7f45c1fad000-7f45c1fbd000 rw-s 1236b1000 00:05 1224                      /dev/dri/card0
7f45c1fbd000-7f45c1fcd000 rw-s 1236a1000 00:05 1224                      /dev/dri/card0
7f45c1fcd000-7f45c1fdd000 rw-s 123691000 00:05 1224                      /dev/dri/card0
7f45c1fdd000-7f45c1fed000 rw-s 123681000 00:05 1224                      /dev/dri/card0
7f45c1fed000-7f45c1ffd000 rw-s 123671000 00:05 1224                      /dev/dri/card0
7f45c1ffd000-7f45c200d000 rw-s 123661000 00:05 1224                      /dev/dri/card0
7f45c200d000-7f45c201d000 rw-s 123651000 00:05 1224                      /dev/dri/card0
7f45c201d000-7f45c202d000 rw-s 123641000 00:05 1224                      /dev/dri/card0
7f45c202d000-7f45c203d000 rw-s 123631000 00:05 1224                      /dev/dri/card0
7f45c203d000-7f45c204d000 rw-s 123621000 00:05 1224                      /dev/dri/card0
7f45c204d000-7f45c205d000 rw-s 123611000 00:05 1224                      /dev/dri/card0
7f45c205d000-7f45c206d000 rw-s 123601000 00:05 1224                      /dev/dri/card0
7f45c206d000-7f45c207d000 rw-s 1235f1000 00:05 1224                      /dev/dri/card0
7f45c207d000-7f45c208d000 rw-s 1235e1000 00:05 1224                      /dev/dri/card0
7f45c208d000-7f45c209d000 rw-s 1235d1000 00:05 1224                      /dev/dri/card0
7f45c209d000-7f45c20ad000 rw-s 1235c1000 00:05 1224                      /dev/dri/card0
7f45c20ad000-7f45c20bd000 rw-s 1235b1000 00:05 1224                      /dev/dri/card0
7f45c20bd000-7f45c20cd000 rw-s 1235a1000 00:05 1224                      /dev/dri/card0
7f45c20cd000-7f45c20dd000 rw-s 123591000 00:05 1224                      /dev/dri/card0
7f45c20dd000-7f45c20ed000 rw-s 123581000 00:05 1224                      /dev/dri/card0
7f45c20ed000-7f45c20fd000 rw-s 123571000 00:05 1224                      /dev/dri/card0
7f45c20fd000-7f45c210d000 rw-s 123561000 00:05 1224                      /dev/dri/card0
7f45c210d000-7f45c211d000 rw-s 123551000 00:05 1224                      /dev/dri/card0
7f45c211d000-7f45c212d000 rw-s 1234f3000 00:05 1224                      /dev/dri/card0
7f45c212d000-7f45c213d000 rw-s 1234e3000 00:05 1224                      /dev/dri/card0
7f45c213d000-7f45c214d000 rw-s 1234d3000 00:05 1224                      /dev/dri/card0
7f45c214d000-7f45c215d000 rw-s 1234c3000 00:05 1224                      /dev/dri/card0
7f45c215d000-7f45c216d000 rw-s 1234b3000 00:05 1224                      /dev/dri/card0
7f45c216d000-7f45c217d000 rw-s 123473000 00:05 1224                      /dev/dri/card0
7f45c217d000-7f45c218d000 rw-s 123463000 00:05 1224                      /dev/dri/card0
7f45c218d000-7f45c219d000 rw-s 1232f1000 00:05 1224                      /dev/dri/card0
7f45c219d000-7f45c21ad000 rw-s 1232e1000 00:05 1224                      /dev/dri/card0
7f45c21ad000-7f45c21bd000 rw-s 1232d1000 00:05 1224                      /dev/dri/card0
7f45c21bd000-7f45c21cd000 rw-s 1232c1000 00:05 1224                      /dev/dri/card0
7f45c21cd000-7f45c21dd000 rw-s 1232b1000 00:05 1224                      /dev/dri/card0
7f45c21dd000-7f45c21ed000 rw-s 1232a1000 00:05 1224                      /dev/dri/card0
7f45c21ed000-7f45c21fd000 rw-s 123291000 00:05 1224                      /dev/dri/card0
7f45c21fd000-7f45c220d000 rw-s 123281000 00:05 1224                      /dev/dri/card0
7f45c220d000-7f45c221d000 rw-s 123271000 00:05 1224                      /dev/dri/card0
7f45c221d000-7f45c222d000 rw-s 123261000 00:05 1224                      /dev/dri/card0
7f45c222d000-7f45c223d000 rw-s 123251000 00:05 1224                      /dev/dri/card0
7f45c223d000-7f45c224d000 rw-s 123241000 00:05 1224                      /dev/dri/card0
7f45c224d000-7f45c225d000 rw-s 1231e3000 00:05 1224                      /dev/dri/card0
7f45c225d000-7f45c226d000 rw-s 1231d3000 00:05 1224                      /dev/dri/card0
7f45c226d000-7f45c227d000 rw-s 1231c3000 00:05 1224                      /dev/dri/card0
7f45c227d000-7f45c228d000 rw-s 1231b3000 00:05 1224                      /dev/dri/card0
7f45c228d000-7f45c229d000 rw-s 1231a3000 00:05 1224                      /dev/dri/card0
7f45c229d000-7f45c22ad000 rw-s 123193000 00:05 1224                      /dev/dri/card0
7f45c22ad000-7f45c22bd000 rw-s 123183000 00:05 1224                      /dev/dri/card0
7f45c22bd000-7f45c22cd000 rw-s 123173000 00:05 1224                      /dev/dri/card0
7f45c22cd000-7f45c22dd000 rw-s 123163000 00:05 1224                      /dev/dri/card0
7f45c22dd000-7f45c22ed000 rw-s 123153000 00:05 1224                      /dev/dri/card0
7f45c22ed000-7f45c22fd000 rw-s 123143000 00:05 1224                      /dev/dri/card0
7f45c22fd000-7f45c230d000 rw-s 123133000 00:05 1224                      /dev/dri/card0
7f45c230d000-7f45c231d000 rw-s 123123000 00:05 1224                      /dev/dri/card0
7f45c231d000-7f45c232d000 rw-s 123113000 00:05 1224                      /dev/dri/card0
7f45c232d000-7f45c233d000 rw-s 121d90000 00:05 1224                      /dev/dri/card0
7f45c233d000-7f45c234d000 rw-s 121d80000 00:05 1224                      /dev/dri/card0
7f45c234d000-7f45c235d000 rw-s 121d70000 00:05 1224                      /dev/dri/card0
7f45c235d000-7f45c236d000 rw-s 121d60000 00:05 1224                      /dev/dri/card0
7f45c236d000-7f45c237d000 rw-s 121d50000 00:05 1224                      /dev/dri/card0
7f45c237d000-7f45c238d000 rw-s 121d40000 00:05 1224                      /dev/dri/card0
7f45c238d000-7f45c239d000 rw-s 121d30000 00:05 1224                      /dev/dri/card0
7f45c239d000-7f45c23ad000 rw-s 121d20000 00:05 1224                      /dev/dri/card0
7f45c23ad000-7f45c23bd000 rw-s 121d10000 00:05 1224                      /dev/dri/card0
7f45c23bd000-7f45c23cd000 rw-s 121d00000 00:05 1224                      /dev/dri/card0
7f45c23cd000-7f45c23dd000 rw-s 121cf0000 00:05 1224                      /dev/dri/card0
7f45c23dd000-7f45c23ed000 rw-s 121ce0000 00:05 1224                      /dev/dri/card0
7f45c23ed000-7f45c23fd000 rw-s 121cd0000 00:05 1224                      /dev/dri/card0
7f45c23fd000-7f45c240d000 rw-s 121cc0000 00:05 1224                      /dev/dri/card0
7f45c240d000-7f45c241d000 rw-s 121cb0000 00:05 1224                      /dev/dri/card0
7f45c241d000-7f45c242d000 rw-s 121ca0000 00:05 1224                      /dev/dri/card0
7f45c242d000-7f45c243d000 rw-s 121c90000 00:05 1224                      /dev/dri/card0
7f45c243d000-7f45c244d000 rw-s 121c80000 00:05 1224                      /dev/dri/card0
7f45c244d000-7f45c245d000 rw-s 121c70000 00:05 1224                      /dev/dri/card0
7f45c245d000-7f45c246d000 rw-s 121c60000 00:05 1224                      /dev/dri/card0
7f45c246d000-7f45c247d000 rw-s 121c50000 00:05 1224                      /dev/dri/card0
7f45c247d000-7f45c248d000 rw-s 121c40000 00:05 1224                      /dev/dri/card0
7f45c248d000-7f45c249d000 rw-s 121c30000 00:05 1224                      /dev/dri/card0
7f45c249d000-7f45c24ad000 rw-s 121c20000 00:05 1224                      /dev/dri/card0
7f45c24ad000-7f45c24bd000 rw-s 121c10000 00:05 1224                      /dev/dri/card0
7f45c24bd000-7f45c24cd000 rw-s 121c00000 00:05 1224                      /dev/dri/card0
7f45c24cd000-7f45c24dd000 rw-s 121bf0000 00:05 1224                      /dev/dri/card0
7f45c24dd000-7f45c24ed000 rw-s 121be0000 00:05 1224                      /dev/dri/card0
7f45c24ed000-7f45c24fd000 rw-s 121bd0000 00:05 1224                      /dev/dri/card0
7f45c24fd000-7f45c250d000 rw-s 121bc0000 00:05 1224                      /dev/dri/card0
7f45c250d000-7f45c251d000 rw-s 121bb0000 00:05 1224                      /dev/dri/card0
7f45c251d000-7f45c252d000 rw-s 121ba0000 00:05 1224                      /dev/dri/card0
7f45c252d000-7f45c253d000 rw-s 121b90000 00:05 1224                      /dev/dri/card0
7f45c253d000-7f45c254d000 rw-s 121b80000 00:05 1224                      /dev/dri/card0
7f45c254d000-7f45c255d000 rw-s 121b70000 00:05 1224                      /dev/dri/card0
7f45c255d000-7f45c256d000 rw-s 121b60000 00:05 1224                      /dev/dri/card0
7f45c256d000-7f45c257d000 rw-s 121b50000 00:05 1224                      /dev/dri/card0
7f45c257d000-7f45c258d000 rw-s 121b40000 00:05 1224                      /dev/dri/card0
7f45c258d000-7f45c259d000 rw-s 121b30000 00:05 1224                      /dev/dri/card0
7f45c259d000-7f45c25ad000 rw-s 121b20000 00:05 1224                      /dev/dri/card0
7f45c25ad000-7f45c25bd000 rw-s 121b10000 00:05 1224                      /dev/dri/card0
7f45c25bd000-7f45c25cd000 rw-s 121b00000 00:05 1224                      /dev/dri/card0
7f45c25cd000-7f45c25dd000 rw-s 121af0000 00:05 1224                      /dev/dri/card0
7f45c25dd000-7f45c25ed000 rw-s 121ae0000 00:05 1224                      /dev/dri/card0
7f45c25ed000-7f45c25fd000 rw-s 121ad0000 00:05 1224                      /dev/dri/card0
7f45c25fd000-7f45c260d000 rw-s 121ac0000 00:05 1224                      /dev/dri/card0
7f45c260d000-7f45c261d000 rw-s 121ab0000 00:05 1224                      /dev/dri/card0
7f45c261d000-7f45c262d000 rw-s 121aa0000 00:05 1224                      /dev/dri/card0
7f45c262d000-7f45c263d000 rw-s 121a90000 00:05 1224                      /dev/dri/card0
7f45c263d000-7f45c264d000 rw-s 121a80000 00:05 1224                      /dev/dri/card0
7f45c264d000-7f45c265d000 rw-s 121a70000 00:05 1224                      /dev/dri/card0
7f45c265d000-7f45c266d000 rw-s 121a60000 00:05 1224                      /dev/dri/card0
7f45c266d000-7f45c267d000 rw-s 121a50000 00:05 1224                      /dev/dri/card0
7f45c267d000-7f45c268d000 rw-s 121a40000 00:05 1224                      /dev/dri/card0
7f45c268d000-7f45c269d000 rw-s 121a30000 00:05 1224                      /dev/dri/card0
7f45c269d000-7f45c26ad000 rw-s 121a20000 00:05 1224                      /dev/dri/card0
7f45c26ad000-7f45c26bd000 rw-s 121a10000 00:05 1224                      /dev/dri/card0
7f45c26bd000-7f45c26cd000 rw-s 121a00000 00:05 1224                      /dev/dri/card0
7f45c26cd000-7f45c26dd000 rw-s 1219f0000 00:05 1224                      /dev/dri/card0
7f45c26dd000-7f45c26ed000 rw-s 10125c000 00:05 1224                      /dev/dri/card0
7f45c26ed000-7f45c26fd000 rw-s 10124c000 00:05 1224                      /dev/dri/card0
7f45c26fd000-7f45c270d000 rw-s 10123c000 00:05 1224                      /dev/dri/card0
7f45c270d000-7f45c271d000 rw-s 1122a9000 00:05 1224                      /dev/dri/card0
7f45c271d000-7f45c272d000 rw-s 112299000 00:05 1224                      /dev/dri/card0
7f45c272d000-7f45c273d000 rw-s 112289000 00:05 1224                      /dev/dri/card0
7f45c273d000-7f45c274d000 rw-s 112279000 00:05 1224                      /dev/dri/card0
7f45c274d000-7f45c275d000 rw-s 112269000 00:05 1224                      /dev/dri/card0
7f45c275d000-7f45c276d000 rw-s 112259000 00:05 1224                      /dev/dri/card0
7f45c276d000-7f45c277d000 rw-s 112249000 00:05 1224                      /dev/dri/card0
7f45c277d000-7f45c278d000 rw-s 112239000 00:05 1224                      /dev/dri/card0
7f45c278d000-7f45c279d000 rw-s 112229000 00:05 1224                      /dev/dri/card0
7f45c279d000-7f45c27ad000 rw-s 112219000 00:05 1224                      /dev/dri/card0
7f45c27ad000-7f45c27bd000 rw-s 112209000 00:05 1224                      /dev/dri/card0
7f45c27bd000-7f45c27cd000 rw-s 1121f9000 00:05 1224                      /dev/dri/card0
7f45c27cd000-7f45c27dd000 rw-s 1121e9000 00:05 1224                      /dev/dri/card0
7f45c27dd000-7f45c27ed000 rw-s 1121d9000 00:05 1224                      /dev/dri/card0
7f45c27ed000-7f45c27fd000 rw-s 1121c9000 00:05 1224                      /dev/dri/card0
7f45c27fd000-7f45c280d000 rw-s 1121b9000 00:05 1224                      /dev/dri/card0
7f45c280d000-7f45c281d000 rw-s 1121a9000 00:05 1224                      /dev/dri/card0
7f45c281d000-7f45c282d000 rw-s 112199000 00:05 1224                      /dev/dri/card0
7f45c282d000-7f45c283d000 rw-s 112189000 00:05 1224                      /dev/dri/card0
7f45c283d000-7f45c284d000 rw-s 112179000 00:05 1224                      /dev/dri/card0
7f45c284d000-7f45c285d000 rw-s 112169000 00:05 1224                      /dev/dri/card0
7f45c285d000-7f45c286d000 rw-s 112159000 00:05 1224                      /dev/dri/card0
7f45c286d000-7f45c287d000 rw-s 112149000 00:05 1224                      /dev/dri/card0
7f45c287d000-7f45c288d000 rw-s 112139000 00:05 1224                      /dev/dri/card0
7f45c288d000-7f45c289d000 rw-s 112129000 00:05 1224                      /dev/dri/card0
7f45c289d000-7f45c28ad000 rw-s 112119000 00:05 1224                      /dev/dri/card0
7f45c28ad000-7f45c28bd000 rw-s 112109000 00:05 1224                      /dev/dri/card0
7f45c28bd000-7f45c28cd000 rw-s 1120f9000 00:05 1224                      /dev/dri/card0
7f45c28cd000-7f45c28dd000 rw-s 1120e9000 00:05 1224                      /dev/dri/card0
7f45c28dd000-7f45c28ed000 rw-s 1120d9000 00:05 1224                      /dev/dri/card0
7f45c28ed000-7f45c28fd000 rw-s 1120c9000 00:05 1224                      /dev/dri/card0
7f45c28fd000-7f45c290d000 rw-s 1120b9000 00:05 1224                      /dev/dri/card0
7f45c290d000-7f45c291d000 rw-s 1120a9000 00:05 1224                      /dev/dri/card0
7f45c291d000-7f45c292d000 rw-s 112099000 00:05 1224                      /dev/dri/card0
7f45c292d000-7f45c293d000 rw-s 112089000 00:05 1224                      /dev/dri/card0
7f45c293d000-7f45c294d000 rw-s 112079000 00:05 1224                      /dev/dri/card0
7f45c294d000-7f45c295d000 rw-s 112069000 00:05 1224                      /dev/dri/card0
7f45c295d000-7f45c296d000 rw-s 112059000 00:05 1224                      /dev/dri/card0
7f45c296d000-7f45c297d000 rw-s 112049000 00:05 1224                      /dev/dri/card0
7f45c297d000-7f45c298d000 rw-s 112039000 00:05 1224                      /dev/dri/card0
7f45c298d000-7f45c299d000 rw-s 112029000 00:05 1224                      /dev/dri/card0
7f45c299d000-7f45c29ad000 rw-s 112019000 00:05 1224                      /dev/dri/card0
7f45c29ad000-7f45c29bd000 rw-s 112009000 00:05 1224                      /dev/dri/card0
7f45c29bd000-7f45c29cd000 rw-s 111ff9000 00:05 1224                      /dev/dri/card0
7f45c29cd000-7f45c29dd000 rw-s 111fe9000 00:05 1224                      /dev/dri/card0
7f45c29dd000-7f45c29ed000 rw-s 111fd9000 00:05 1224                      /dev/dri/card0
7f45c29ed000-7f45c29fd000 rw-s 111fc9000 00:05 1224                      /dev/dri/card0
7f45c29fd000-7f45c2a0d000 rw-s 111fb9000 00:05 1224                      /dev/dri/card0
7f45c2a0d000-7f45c2a1d000 rw-s 111fa9000 00:05 1224                      /dev/dri/card0
7f45c2a1d000-7f45c2a2d000 rw-s 111f99000 00:05 1224                      /dev/dri/card0
7f45c2a2d000-7f45c2a3d000 rw-s 111f89000 00:05 1224                      /dev/dri/card0
7f45c2a3d000-7f45c2a4d000 rw-s 111f79000 00:05 1224                      /dev/dri/card0
7f45c2a4d000-7f45c2a5d000 rw-s 111f69000 00:05 1224                      /dev/dri/card0
7f45c2a5d000-7f45c2a6d000 rw-s 111f59000 00:05 1224                      /dev/dri/card0
7f45c2a6d000-7f45c2a7d000 rw-s 111f49000 00:05 1224                      /dev/dri/card0
7f45c2a7d000-7f45c2a8d000 rw-s 111f39000 00:05 1224                      /dev/dri/card0
7f45c2a8d000-7f45c2a9d000 rw-s 111f29000 00:05 1224                      /dev/dri/card0
7f45c2a9d000-7f45c2aad000 rw-s 111f19000 00:05 1224                      /dev/dri/card0
7f45c2aad000-7f45c2abd000 rw-s 111f09000 00:05 1224                      /dev/dri/card0
7f45c2abd000-7f45c2acd000 rw-s 111ef9000 00:05 1224                      /dev/dri/card0
7f45c2acd000-7f45c2add000 rw-s 111ee9000 00:05 1224                      /dev/dri/card0
7f45c2add000-7f45c2aed000 rw-s 111ed9000 00:05 1224                      /dev/dri/card0
7f45c2aed000-7f45c2afd000 rw-s 111ec9000 00:05 1224                      /dev/dri/card0
7f45c2afd000-7f45c2b0d000 rw-s 111eb9000 00:05 1224                      /dev/dri/card0
7f45c2b0d000-7f45c2b1d000 rw-s 111ea9000 00:05 1224                      /dev/dri/card0
7f45c2b1d000-7f45c2b2d000 rw-s 111e99000 00:05 1224                      /dev/dri/card0
7f45c2b2d000-7f45c2b3d000 rw-s 111e89000 00:05 1224                      /dev/dri/card0
7f45c2b3d000-7f45c2b4d000 rw-s 111e79000 00:05 1224                      /dev/dri/card0
7f45c2b4d000-7f45c2b5d000 rw-s 111e69000 00:05 1224                      /dev/dri/card0
7f45c2b5d000-7f45c2b6d000 rw-s 111e59000 00:05 1224                      /dev/dri/card0
7f45c2b6d000-7f45c2b7d000 rw-s 111e49000 00:05 1224                      /dev/dri/card0
7f45c2b7d000-7f45c2b8d000 rw-s 111e39000 00:05 1224                      /dev/dri/card0
7f45c2b8d000-7f45c2b9d000 rw-s 111e29000 00:05 1224                      /dev/dri/card0
7f45c2b9d000-7f45c2bad000 rw-s 111e19000 00:05 1224                      /dev/dri/card0
7f45c2bad000-7f45c2bbd000 rw-s 111e09000 00:05 1224                      /dev/dri/card0
7f45c2bbd000-7f45c2bcd000 rw-s 111df9000 00:05 1224                      /dev/dri/card0
7f45c2bcd000-7f45c2bdd000 rw-s 111de9000 00:05 1224                      /dev/dri/card0
7f45c2bdd000-7f45c2bed000 rw-s 111dd9000 00:05 1224                      /dev/dri/card0
7f45c2bed000-7f45c2bfd000 rw-s 111dc9000 00:05 1224                      /dev/dri/card0
7f45c2bfd000-7f45c2c0d000 rw-s 111db9000 00:05 1224                      /dev/dri/card0
7f45c2c0d000-7f45c2c1d000 rw-s 111da9000 00:05 1224                      /dev/dri/card0
7f45c2c1d000-7f45c2c2d000 rw-s 111d99000 00:05 1224                      /dev/dri/card0
7f45c2c2d000-7f45c2c3d000 rw-s 111d89000 00:05 1224                      /dev/dri/card0
7f45c2c3d000-7f45c2c4d000 rw-s 111d79000 00:05 1224                      /dev/dri/card0
7f45c2c4d000-7f45c2c5d000 rw-s 111d69000 00:05 1224                      /dev/dri/card0
7f45c2c5d000-7f45c2c6d000 rw-s 111d59000 00:05 1224                      /dev/dri/card0
7f45c2c6d000-7f45c2c71000 rw-s 111d55000 00:05 1224                      /dev/dri/card0
7f45c2c71000-7f45c2c75000 rw-s 111d51000 00:05 1224                      /dev/dri/card0
7f45c2c75000-7f45c2c79000 rw-s 111d4d000 00:05 1224                      /dev/dri/card0
7f45c2c79000-7f45c2c7d000 rw-s 111d49000 00:05 1224                      /dev/dri/card0
7f45c2c7d000-7f45c2c81000 rw-s 111d45000 00:05 1224                      /dev/dri/card0
7f45c2c81000-7f45c2c85000 rw-s 111d41000 00:05 1224                      /dev/dri/card0
7f45c2c85000-7f45c2c89000 rw-s 111d3d000 00:05 1224                      /dev/dri/card0
7f45c2c89000-7f45c2c8d000 rw-s 111d39000 00:05 1224                      /dev/dri/card0
7f45c2c8d000-7f45c2c9d000 rw-s 10122c000 00:05 1224                      /dev/dri/card0
7f45c2c9d000-7f45c2cad000 rw-s 1219e0000 00:05 1224                      /dev/dri/card0
7f45c2cad000-7f45c2cbd000 rw-s 1219d0000 00:05 1224                      /dev/dri/card0
7f45c2cbd000-7f45c2ccd000 rw-s 120439000 00:05 1224                      /dev/dri/card0
7f45c2ccd000-7f45c2cdd000 rw-s 120429000 00:05 1224                      /dev/dri/card0
7f45c2cdd000-7f45c2ced000 rw-s 120419000 00:05 1224                      /dev/dri/card0
7f45c2ced000-7f45c2cfd000 rw-s 120409000 00:05 1224                      /dev/dri/card0
7f45c2cfd000-7f45c2d0d000 rw-s 1203f9000 00:05 1224                      /dev/dri/card0
7f45c2d0d000-7f45c2d11000 rw-s 1203f5000 00:05 1224                      /dev/dri/card0
7f45c2d11000-7f45c2d15000 rw-s 1203f1000 00:05 1224                      /dev/dri/card0
7f45c2d15000-7f45c2d25000 rw-s 1203e1000 00:05 1224                      /dev/dri/card0
7f45c2d25000-7f45c2d35000 rw-s 1203d1000 00:05 1224                      /dev/dri/card0
7f45c2d35000-7f45c2d45000 rw-s 1203c1000 00:05 1224                      /dev/dri/card0
7f45c2d45000-7f45c2d55000 rw-s 1203b1000 00:05 1224                      /dev/dri/card0
7f45c2d55000-7f45c2d65000 rw-s 1203a1000 00:05 1224                      /dev/dri/card0
7f45c2d65000-7f45c2d75000 rw-s 120391000 00:05 1224                      /dev/dri/card0
7f45c2d75000-7f45c2d85000 rw-s 120381000 00:05 1224                      /dev/dri/card0
7f45c2d85000-7f45c2d89000 rw-s 12037d000 00:05 1224                      /dev/dri/card0
7f45c2d89000-7f45c2d99000 rw-s 12036d000 00:05 1224                      /dev/dri/card0
7f45c2d99000-7f45c2dd9000 rw-s 12032d000 00:05 1224                      /dev/dri/card0
7f45c2dd9000-7f45c2ddd000 rw-s 120329000 00:05 1224                      /dev/dri/card0
7f45c2ddd000-7f45c2de1000 rw-s 120325000 00:05 1224                      /dev/dri/card0
7f45c2de1000-7f45c2df1000 rw-s 120315000 00:05 1224                      /dev/dri/card0
7f45c2df1000-7f45c2df5000 rw-s 120311000 00:05 1224                      /dev/dri/card0
7f45c2df5000-7f45c2df9000 rw-s 12030c000 00:05 1224                      /dev/dri/card0
7f45c2df9000-7f45c2dfd000 rw-s 120308000 00:05 1224                      /dev/dri/card0
7f45c2dfd000-7f45c2e01000 rw-s 120304000 00:05 1224                      /dev/dri/card0
7f45c2e01000-7f45c2e05000 rw-s 120300000 00:05 1224                      /dev/dri/card0
7f45c2e05000-7f45c2e09000 rw-s 1202fc000 00:05 1224                      /dev/dri/card0
7f45c2e09000-7f45c2e0d000 rw-s 1202f8000 00:05 1224                      /dev/dri/card0
7f45c2e0d000-7f45c2e11000 rw-s 1202f4000 00:05 1224                      /dev/dri/card0
7f45c2e11000-7f45c2e21000 rw-s 1202e4000 00:05 1224                      /dev/dri/card0
7f45c2e21000-7f45c2e31000 rw-s 1202d4000 00:05 1224                      /dev/dri/card0
7f45c2e31000-7f45c2e41000 rw-s 1202c4000 00:05 1224                      /dev/dri/card0
7f45c2e41000-7f45c2e51000 rw-s 1202b4000 00:05 1224                      /dev/dri/card0
7f45c2e51000-7f45c2e61000 rw-s 1202a4000 00:05 1224                      /dev/dri/card0
7f45c2e61000-7f45c2e71000 rw-s 120294000 00:05 1224                      /dev/dri/card0
7f45c2e71000-7f45c2e81000 rw-s 120284000 00:05 1224                      /dev/dri/card0
7f45c2e81000-7f45c2e91000 rw-s 120274000 00:05 1224                      /dev/dri/card0
7f45c2e91000-7f45c2ea1000 rw-s 120264000 00:05 1224                      /dev/dri/card0
7f45c2ea1000-7f45c2eb1000 rw-s 120254000 00:05 1224                      /dev/dri/card0
7f45c2eb1000-7f45c2ec1000 rw-s 120244000 00:05 1224                      /dev/dri/card0
7f45c2ec1000-7f45c2ed1000 rw-s 120234000 00:05 1224                      /dev/dri/card0
7f45c2ed1000-7f45c2ee1000 rw-s 120224000 00:05 1224                      /dev/dri/card0
7f45c2ee1000-7f45c2ef1000 rw-s 120214000 00:05 1224                      /dev/dri/card0
7f45c2ef1000-7f45c2f01000 rw-s 120204000 00:05 1224                      /dev/dri/card0
7f45c2f01000-7f45c2f05000 rw-s 120200000 00:05 1224                      /dev/dri/card0
7f45c2f05000-7f45c2f45000 rw-s 1201b0000 00:05 1224                      /dev/dri/card0
7f45c2f45000-7f45c2f55000 rw-s 1201a0000 00:05 1224                      /dev/dri/card0
7f45c2f55000-7f45c2f65000 rw-s 120190000 00:05 1224                      /dev/dri/card0
7f45c2f65000-7f45c2f75000 rw-s 120180000 00:05 1224                      /dev/dri/card0
7f45c2f75000-7f45c2f85000 rw-s 120170000 00:05 1224                      /dev/dri/card0
7f45c2f85000-7f45c2f95000 rw-s 120160000 00:05 1224                      /dev/dri/card0
7f45c2f95000-7f45c2fa5000 rw-s 120150000 00:05 1224                      /dev/dri/card0
7f45c2fa5000-7f45c2fb5000 rw-s 120140000 00:05 1224                      /dev/dri/card0
7f45c2fb5000-7f45c2fc5000 rw-s 120130000 00:05 1224                      /dev/dri/card0
7f45c2fc5000-7f45c2fd5000 rw-s 120120000 00:05 1224                      /dev/dri/card0
7f45c2fd5000-7f45c2fe5000 rw-s 120110000 00:05 1224                      /dev/dri/card0
7f45c2fe5000-7f45c2ff5000 rw-s 120100000 00:05 1224                      /dev/dri/card0
7f45c2ff5000-7f45c3005000 rw-s 1200f0000 00:05 1224                      /dev/dri/card0
7f45c3005000-7f45c3015000 rw-s 1200e0000 00:05 1224                      /dev/dri/card0
7f45c3015000-7f45c3025000 rw-s 12490e000 00:05 1224                      /dev/dri/card0
7f45c3025000-7f45c3035000 rw-s 1248fe000 00:05 1224                      /dev/dri/card0
7f45c3035000-7f45c3045000 rw-s 1248ee000 00:05 1224                      /dev/dri/card0
7f45c3045000-7f45c3055000 rw-s 1248de000 00:05 1224                      /dev/dri/card0
7f45c3055000-7f45c3065000 rw-s 1248ce000 00:05 1224                      /dev/dri/card0
7f45c3065000-7f45c3075000 rw-s 1248be000 00:05 1224                      /dev/dri/card0
7f45c3075000-7f45c3085000 rw-s 1248ae000 00:05 1224                      /dev/dri/card0
7f45c3085000-7f45c3095000 rw-s 12489e000 00:05 1224                      /dev/dri/card0
7f45c3095000-7f45c30a5000 rw-s 12488e000 00:05 1224                      /dev/dri/card0
7f45c30a5000-7f45c30b5000 rw-s 12487e000 00:05 1224                      /dev/dri/card0
7f45c30b5000-7f45c30c5000 rw-s 12486e000 00:05 1224                      /dev/dri/card0
7f45c30c5000-7f45c3105000 rw-s 12481e000 00:05 1224                      /dev/dri/card0
7f45c3105000-7f45c3145000 rw-s 1247de000 00:05 1224                      /dev/dri/card0
7f45c3145000-7f45c3185000 rw-s 12479e000 00:05 1224                      /dev/dri/card0
7f45c3185000-7f45c31c5000 rw-s 12475e000 00:05 1224                      /dev/dri/card0
7f45c31c5000-7f45c3205000 rw-s 12471e000 00:05 1224                      /dev/dri/card0
7f45c3205000-7f45c3245000 rw-s 1246de000 00:05 1224                      /dev/dri/card0
7f45c3245000-7f45c3285000 rw-s 12469e000 00:05 1224                      /dev/dri/card0
7f45c3285000-7f45c32c5000 rw-s 12465e000 00:05 1224                      /dev/dri/card0
7f45c32c5000-7f45c3305000 rw-s 12461e000 00:05 1224                      /dev/dri/card0
7f45c3305000-7f45c3345000 rw-s 1245de000 00:05 1224                      /dev/dri/card0
7f45c3345000-7f45c3385000 rw-s 12459e000 00:05 1224                      /dev/dri/card0
7f45c3385000-7f45c33c5000 rw-s 124559000 00:05 1224                      /dev/dri/card0
7f45c33c5000-7f45c3405000 rw-s 124519000 00:05 1224                      /dev/dri/card0
7f45c3405000-7f45c3415000 rw-s 1242e9000 00:05 1224                      /dev/dri/card0
7f45c3418000-7f45c341c000 rw-s 1201fc000 00:05 1224                      /dev/dri/card0
7f45c341c000-7f45c3420000 rw-s 1201f8000 00:05 1224                      /dev/dri/card0
7f45c3420000-7f45c3430000 rw-s 12485e000 00:05 1224                      /dev/dri/card0
7f45c3430000-7f45c3470000 rw-s 1244d9000 00:05 1224                      /dev/dri/card0
7f45c3470000-7f45c34b0000 rw-s 124499000 00:05 1224                      /dev/dri/card0
7f45c34b0000-7f45c34f0000 rw-s 124459000 00:05 1224                      /dev/dri/card0
7f45c34f0000-7f45c3530000 rw-s 124419000 00:05 1224                      /dev/dri/card0
7f45c3530000-7f45c3570000 rw-s 1243d9000 00:05 1224                      /dev/dri/card0
7f45c3570000-7f45c35b0000 rw-s 124399000 00:05 1224                      /dev/dri/card0
7f45c35b0000-7f45c35f0000 rw-s 124359000 00:05 1224                      /dev/dri/card0
7f45c35f0000-7f45c3630000 rw-s 124319000 00:05 1224                      /dev/dri/card0
7f45c3630000-7f45c3640000 rw-s 124309000 00:05 1224                      /dev/dri/card0
7f45c3640000-7f45c3650000 rw-s 1242f9000 00:05 1224                      /dev/dri/card0
7f45c3650000-7f45c3660000 rw-s 1242d9000 00:05 1224                      /dev/dri/card0
7f45c3660000-7f45c3670000 rw-s 1242c9000 00:05 1224                      /dev/dri/card0
7f45c3670000-7f45c3680000 rw-s 1242b9000 00:05 1224                      /dev/dri/card0
7f45c3680000-7f45c3690000 rw-s 1242a9000 00:05 1224                      /dev/dri/card0
7f45c3690000-7f45c36a0000 rw-s 124299000 00:05 1224                      /dev/dri/card0
7f45c36a0000-7f45c36b0000 rw-s 124289000 00:05 1224                      /dev/dri/card0
7f45c36b0000-7f45c36c0000 rw-s 124279000 00:05 1224                      /dev/dri/card0
7f45c36c0000-7f45c36d0000 rw-s 124269000 00:05 1224                      /dev/dri/card0
7f45c36d0000-7f45c36e0000 rw-s 124259000 00:05 1224                      /dev/dri/card0
7f45c36e0000-7f45c36f0000 rw-s 124249000 00:05 1224                      /dev/dri/card0
7f45c36f0000-7f45c3700000 rw-s 124239000 00:05 1224                      /dev/dri/card0
7f45c3700000-7f45c3740000 rw-s 1241e9000 00:05 1224                      /dev/dri/card0
7f45c3740000-7f45c3780000 rw-s 1241a9000 00:05 1224                      /dev/dri/card0
7f45c3780000-7f45c37c0000 rw-s 124169000 00:05 1224                      /dev/dri/card0
7f45c37c0000-7f45c3800000 rw-s 124129000 00:05 1224                      /dev/dri/card0
7f45c3800000-7f45c3840000 rw-s 1240e9000 00:05 1224                      /dev/dri/card0
7f45c3840000-7f45c3880000 rw-s 1240a9000 00:05 1224                      /dev/dri/card0
7f45c3880000-7f45c38c0000 rw-s 124069000 00:05 1224                      /dev/dri/card0
7f45c38c0000-7f45c3900000 rw-s 124029000 00:05 1224                      /dev/dri/card0
7f45c3900000-7f45c3940000 rw-s 123fe9000 00:05 1224                      /dev/dri/card0
7f45c3940000-7f45c3980000 rw-s 123fa9000 00:05 1224                      /dev/dri/card0
7f45c3980000-7f45c39c0000 rw-s 123f69000 00:05 1224                      /dev/dri/card0
7f45c39c0000-7f45c3a00000 rw-s 123f29000 00:05 1224                      /dev/dri/card0
7f45c3a00000-7f45c3a40000 rw-s 123ee9000 00:05 1224                      /dev/dri/card0
7f45c3a40000-7f45c3a80000 rw-s 123ea9000 00:05 1224                      /dev/dri/card0
7f45c3a80000-7f45c3ac0000 rw-s 120fbf000 00:05 1224                      /dev/dri/card0
7f45c3ac0000-7f45c3b00000 rw-s 120f7f000 00:05 1224                      /dev/dri/card0
7f45c3b00000-7f45c3b40000 rw-s 120f3f000 00:05 1224                      /dev/dri/card0
7f45c3b40000-7f45c3b80000 rw-s 120eff000 00:05 1224                      /dev/dri/card0
7f45c3b80000-7f45c3bc0000 rw-s 120ebf000 00:05 1224                      /dev/dri/card0
7f45c3bc0000-7f45c3c00000 rw-s 120e7f000 00:05 1224                      /dev/dri/card0
7f45c3c00000-7f45c3c40000 rw-s 120e3b000 00:05 1224                      /dev/dri/card0
7f45c3c40000-7f45c3c80000 rw-s 120dfb000 00:05 1224                      /dev/dri/card0
7f45c3c80000-7f45c3cc0000 rw-s 120dbb000 00:05 1224                      /dev/dri/card0
7f45c3cc0000-7f45c3d00000 rw-s 120d7b000 00:05 1224                      /dev/dri/card0
7f45c3d00000-7f45c3d40000 rw-s 120d3b000 00:05 1224                      /dev/dri/card0
7f45c3d40000-7f45c3d80000 rw-s 120cfb000 00:05 1224                      /dev/dri/card0
7f45c3d80000-7f45c3dc0000 rw-s 120cbb000 00:05 1224                      /dev/dri/card0
7f45c3dc0000-7f45c3e00000 rw-s 120c7b000 00:05 1224                      /dev/dri/card0
7f45c3e00000-7f45c3e40000 rw-s 120c3b000 00:05 1224                      /dev/dri/card0
7f45c3e40000-7f45c3e80000 rw-s 120bfb000 00:05 1224                      /dev/dri/card0
7f45c3e80000-7f45c3ec0000 rw-s 120bbb000 00:05 1224                      /dev/dri/card0
7f45c3ec0000-7f45c3f00000 rw-s 11483d000 00:05 1224                      /dev/dri/card0
7f45c3f00000-7f45c3f40000 rw-s 1147fd000 00:05 1224                      /dev/dri/card0
7f45c3f40000-7f45c3f80000 rw-s 1147bd000 00:05 1224                      /dev/dri/card0
7f45c3f80000-7f45c3fc0000 rw-s 11477d000 00:05 1224                      /dev/dri/card0
7f45c3fc0000-7f45c4000000 rw-s 11fe8e000 00:05 1224                      /dev/dri/card0
7f45c4000000-7f45c4021000 rw-p 00000000 00:00 0 
7f45c4021000-7f45c8000000 ---p 00000000 00:00 0 
7f45c8000000-7f45c823d000 rw-p 00000000 00:00 0 
7f45c823d000-7f45cc000000 ---p 00000000 00:00 0 
7f45cc000000-7f45cc02c000 rw-p 00000000 00:00 0 
7f45cc02c000-7f45d0000000 ---p 00000000 00:00 0 
7f45d0000000-7f45d0021000 rw-p 00000000 00:00 0 
7f45d0021000-7f45d4000000 ---p 00000000 00:00 0 
7f45d4002000-7f45d4006000 rw-s 1201f4000 00:05 1224                      /dev/dri/card0
7f45d4006000-7f45d400a000 rw-s 1201f0000 00:05 1224                      /dev/dri/card0
7f45d400a000-7f45d400e000 rw-s 124599000 00:05 1224                      /dev/dri/card0
7f45d400e000-7f45d401e000 rw-s 124229000 00:05 1224                      /dev/dri/card0
7f45d401e000-7f45d405e000 rw-s 11fe4e000 00:05 1224                      /dev/dri/card0
7f45d405e000-7f45d409e000 rw-s 11fe0e000 00:05 1224                      /dev/dri/card0
7f45d409e000-7f45d40de000 rw-s 11fdce000 00:05 1224                      /dev/dri/card0
7f45d40de000-7f45d411e000 rw-s 11fd8e000 00:05 1224                      /dev/dri/card0
7f45d411e000-7f45d415e000 rw-s 11fcf5000 00:05 1224                      /dev/dri/card0
7f45d415e000-7f45d419e000 rw-s 11fcb5000 00:05 1224                      /dev/dri/card0
7f45d419e000-7f45d41de000 rw-s 11fc75000 00:05 1224                      /dev/dri/card0
7f45d41de000-7f45d421e000 rw-s 11fc35000 00:05 1224                      /dev/dri/card0
7f45d421e000-7f45d425e000 rw-s 11fbf5000 00:05 1224                      /dev/dri/card0
7f45d425e000-7f45d429e000 rw-s 11fbb5000 00:05 1224                      /dev/dri/card0
7f45d429e000-7f45d42de000 rw-s 11fb75000 00:05 1224                      /dev/dri/card0
7f45d42de000-7f45d431e000 rw-s 11fb35000 00:05 1224                      /dev/dri/card0
7f45d431e000-7f45d435e000 rw-s 11faf5000 00:05 1224                      /dev/dri/card0
7f45d435e000-7f45d439e000 rw-s 11fab5000 00:05 1224                      /dev/dri/card0
7f45d439e000-7f45d43a1000 ---p 00000000 00:00 0 
7f45d43a1000-7f45d449f000 rw-p 00000000 00:00 0                          [stack:10918]
7f45d449f000-7f45d44a2000 ---p 00000000 00:00 0 
7f45d44a2000-7f45d45a0000 rw-p 00000000 00:00 0                          [stack:10917]
7f45d45a0000-7f45d46a0000 rw-s 11f847000 00:05 1224                      /dev/dri/card0
7f45d46a0000-7f45d46a3000 ---p 00000000 00:00 0 
7f45d46a3000-7f45d47a1000 rw-p 00000000 00:00 0 
7f45d47a1000-7f45d47e4000 r-xp 00000000 08:01 25173685                   /usr/lib/x86_64-linux-gnu/libjpeg.so.8.0.2
7f45d47e4000-7f45d49e4000 ---p 00043000 08:01 25173685                   /usr/lib/x86_64-linux-gnu/libjpeg.so.8.0.2
7f45d49e4000-7f45d49e5000 r--p 00043000 08:01 25173685                   /usr/lib/x86_64-linux-gnu/libjpeg.so.8.0.2
7f45d49e5000-7f45d49e6000 rw-p 00044000 08:01 25173685                   /usr/lib/x86_64-linux-gnu/libjpeg.so.8.0.2
7f45d49e6000-7f45d49f6000 rw-p 00000000 00:00 0 
7f45d49f6000-7f45d4a00000 r-xp 00000000 08:01 25303436                   /usr/lib/jvm/java-7-openjdk-amd64/jre/lib/amd64/libjavajpeg.so
7f45d4a00000-7f45d4bff000 ---p 0000a000 08:01 25303436                   /usr/lib/jvm/java-7-openjdk-amd64/jre/lib/amd64/libjavajpeg.so
7f45d4bff000-7f45d4c00000 r--p 00009000 08:01 25303436                   /usr/lib/jvm/java-7-openjdk-amd64/jre/lib/amd64/libjavajpeg.so
7f45d4c00000-7f45d4c01000 rw-p 0000a000 08:01 25303436                   /usr/lib/jvm/java-7-openjdk-amd64/jre/lib/amd64/libjavajpeg.so
7f45d5d9f000-7f45d8000000 rw-p 00000000 00:00 0 
7f45d8000000-7f45d8021000 rw-p 00000000 00:00 0 
7f45d8021000-7f45dc000000 ---p 00000000 00:00 0 
7f45dc001000-7f45dc005000 rw-s 120e7b000 00:05 1224                      /dev/dri/card0
7f45dc005000-7f45dc009000 rw-s 11fab1000 00:05 1224                      /dev/dri/card0
7f45dc009000-7f45dc00d000 rw-s 11faad000 00:05 1224                      /dev/dri/card0
7f45dc00d000-7f45dc011000 rw-s 11faa9000 00:05 1224                      /dev/dri/card0
7f45dc011000-7f45dc015000 rw-s 11faa5000 00:05 1224                      /dev/dri/card0
7f45dc015000-7f45dc019000 rw-s 11faa1000 00:05 1224                      /dev/dri/card0
7f45dc019000-7f45dc01d000 rw-s 11fa9d000 00:05 1224                      /dev/dri/card0
7f45dc01d000-7f45dc021000 rw-s 11fa99000 00:05 1224                      /dev/dri/card0
7f45dc021000-7f45dc025000 rw-s 11fa95000 00:05 1224                      /dev/dri/card0
7f45dc025000-7f45dc029000 rw-s 11fa91000 00:05 1224                      /dev/dri/card0
7f45dc029000-7f45dc02d000 rw-s 11fa8d000 00:05 1224                      /dev/dri/card0
7f45dc02d000-7f45dc031000 rw-s 11fa89000 00:05 1224                      /dev/dri/card0
7f45dc031000-7f45dc035000 rw-s 11fa85000 00:05 1224                      /dev/dri/card0
7f45dc035000-7f45dc039000 rw-s 11fa81000 00:05 1224                      /dev/dri/card0
7f45dc039000-7f45dc03d000 rw-s 11fa7d000 00:05 1224                      /dev/dri/card0
7f45dc03d000-7f45dc04d000 rw-s 11fa69000 00:05 1224                      /dev/dri/card0
7f45dc04d000-7f45dc14d000 rw-s 122383000 00:05 1224                      /dev/dri/card0
7f45dc14d000-7f45dc24d000 rw-s 121e4a000 00:05 1224                      /dev/dri/card0
7f45dc24d000-7f45dc255000 r-xp 00000000 08:01 25173907                   /usr/lib/x86_64-linux-gnu/libpciaccess.so.0.11.1
7f45dc255000-7f45dc454000 ---p 00008000 08:01 25173907                   /usr/lib/x86_64-linux-gnu/libpciaccess.so.0.11.1
7f45dc454000-7f45dc455000 r--p 00007000 08:01 25173907                   /usr/lib/x86_64-linux-gnu/libpciaccess.so.0.11.1
7f45dc455000-7f45dc456000 rw-p 00008000 08:01 25173907                   /usr/lib/x86_64-linux-gnu/libpciaccess.so.0.11.1
7f45dc456000-7f45dc462000 r-xp 00000000 08:01 25173282                   /usr/lib/x86_64-linux-gnu/libdrm_radeon.so.1.0.1
7f45dc462000-7f45dc661000 ---p 0000c000 08:01 25173282                   /usr/lib/x86_64-linux-gnu/libdrm_radeon.so.1.0.1
7f45dc661000-7f45dc662000 r--p 0000b000 08:01 25173282                   /usr/lib/x86_64-linux-gnu/libdrm_radeon.so.1.0.1
7f45dc662000-7f45dc663000 rw-p 0000c000 08:01 25173282                   /usr/lib/x86_64-linux-gnu/libdrm_radeon.so.1.0.1
7f45dc663000-7f45dc668000 r-xp 00000000 08:01 25173280                   /usr/lib/x86_64-linux-gnu/libdrm_nouveau.so.2.0.0
7f45dc668000-7f45dc867000 ---p 00005000 08:01 25173280                   /usr/lib/x86_64-linux-gnu/libdrm_nouveau.so.2.0.0
7f45dc867000-7f45dc868000 r--p 00004000 08:01 25173280                   /usr/lib/x86_64-linux-gnu/libdrm_nouveau.so.2.0.0
7f45dc868000-7f45dc869000 rw-p 00005000 08:01 25173280                   /usr/lib/x86_64-linux-gnu/libdrm_nouveau.so.2.0.0
7f45dc869000-7f45dc888000 r-xp 00000000 08:01 25173278                   /usr/lib/x86_64-linux-gnu/libdrm_intel.so.1.0.0
7f45dc888000-7f45dca87000 ---p 0001f000 08:01 25173278                   /usr/lib/x86_64-linux-gnu/libdrm_intel.so.1.0.0
7f45dca87000-7f45dca88000 r--p 0001e000 08:01 25173278                   /usr/lib/x86_64-linux-gnu/libdrm_intel.so.1.0.0
7f45dca88000-7f45dca89000 rw-p 0001f000 08:01 25173278                   /usr/lib/x86_64-linux-gnu/libdrm_intel.so.1.0.0
7f45dca89000-7f45dcf78000 r-xp 00000000 08:01 25566975                   /usr/lib/x86_64-linux-gnu/dri/i965_dri.so
7f45dcf78000-7f45dd177000 ---p 004ef000 08:01 25566975                   /usr/lib/x86_64-linux-gnu/dri/i965_dri.so
7f45dd177000-7f45dd18e000 r--p 004ee000 08:01 25566975                   /usr/lib/x86_64-linux-gnu/dri/i965_dri.so
7f45dd18e000-7f45dd19a000 rw-p 00505000 08:01 25566975                   /usr/lib/x86_64-linux-gnu/dri/i965_dri.so
7f45dd19a000-7f45dd1e6000 rw-p 00000000 00:00 0 
7f45dd1e6000-7f45dd1ee000 r-xp 00000000 08:01 12849067                   /lib/x86_64-linux-gnu/libnih-dbus.so.1.0.0
7f45dd1ee000-7f45dd3ee000 ---p 00008000 08:01 12849067                   /lib/x86_64-linux-gnu/libnih-dbus.so.1.0.0
7f45dd3ee000-7f45dd3ef000 r--p 00008000 08:01 12849067                   /lib/x86_64-linux-gnu/libnih-dbus.so.1.0.0
7f45dd3ef000-7f45dd3f0000 rw-p 00009000 08:01 12849067                   /lib/x86_64-linux-gnu/libnih-dbus.so.1.0.0
7f45dd3f0000-7f45dd407000 r-xp 00000000 08:01 12849069                   /lib/x86_64-linux-gnu/libnih.so.1.0.0
7f45dd407000-7f45dd606000 ---p 00017000 08:01 12849069                   /lib/x86_64-linux-gnu/libnih.so.1.0.0
7f45dd606000-7f45dd607000 r--p 00016000 08:01 12849069                   /lib/x86_64-linux-gnu/libnih.so.1.0.0
7f45dd607000-7f45dd608000 rw-p 00017000 08:01 12849069                   /lib/x86_64-linux-gnu/libnih.so.1.0.0
7f45dd608000-7f45dd621000 r-xp 00000000 08:01 12849367                   /lib/x86_64-linux-gnu/libcgmanager.so.0.0.0
7f45dd621000-7f45dd820000 ---p 00019000 08:01 12849367                   /lib/x86_64-linux-gnu/libcgmanager.so.0.0.0
7f45dd820000-7f45dd822000 r--p 00018000 08:01 12849367                   /lib/x86_64-linux-gnu/libcgmanager.so.0.0.0
7f45dd822000-7f45dd823000 rw-p 0001a000 08:01 12849367                   /lib/x86_64-linux-gnu/libcgmanager.so.0.0.0
7f45dd823000-7f45dd833000 r-xp 00000000 08:01 12848936                   /lib/x86_64-linux-gnu/libudev.so.1.3.5
7f45dd833000-7f45dda32000 ---p 00010000 08:01 12848936                   /lib/x86_64-linux-gnu/libudev.so.1.3.5
7f45dda32000-7f45dda33000 r--p 0000f000 08:01 12848936                   /lib/x86_64-linux-gnu/libudev.so.1.3.5
7f45dda33000-7f45dda34000 rw-p 00010000 08:01 12848936                   /lib/x86_64-linux-gnu/libudev.so.1.3.5
7f45dda34000-7f45dda3f000 r-xp 00000000 08:01 25173276                   /usr/lib/x86_64-linux-gnu/libdrm.so.2.4.0
7f45dda3f000-7f45ddc3e000 ---p 0000b000 08:01 25173276                   /usr/lib/x86_64-linux-gnu/libdrm.so.2.4.0
7f45ddc3e000-7f45ddc3f000 r--p 0000a000 08:01 25173276                   /usr/lib/x86_64-linux-gnu/libdrm.so.2.4.0
7f45ddc3f000-7f45ddc40000 rw-p 0000b000 08:01 25173276                   /usr/lib/x86_64-linux-gnu/libdrm.so.2.4.0
7f45ddc40000-7f45ddc41000 r-xp 00000000 08:01 25174239                   /usr/lib/x86_64-linux-gnu/libxshmfence.so.1.0.0
7f45ddc41000-7f45dde40000 ---p 00001000 08:01 25174239                   /usr/lib/x86_64-linux-gnu/libxshmfence.so.1.0.0
7f45dde40000-7f45dde41000 r--p 00000000 08:01 25174239                   /usr/lib/x86_64-linux-gnu/libxshmfence.so.1.0.0
7f45dde41000-7f45dde42000 rw-p 00001000 08:01 25174239                   /usr/lib/x86_64-linux-gnu/libxshmfence.so.1.0.0
7f45dde42000-7f45dde47000 r-xp 00000000 08:01 25174217                   /usr/lib/x86_64-linux-gnu/libxcb-sync.so.1.0.0
7f45dde47000-7f45de046000 ---p 00005000 08:01 25174217                   /usr/lib/x86_64-linux-gnu/libxcb-sync.so.1.0.0
7f45de046000-7f45de047000 r--p 0000400